
> my@0.1.0 build
> next build

Γû▓ Next.js 16.2.3 (Turbopack)

  Creating an optimized production build ...
Γ£ô Compiled successfully in 3.7s
  Running TypeScript ...
  Finished TypeScript in 2.7s ...
  Collecting page data using 7 workers ...
  Generating static pages using 7 workers (0/10) ...
node.exe : Error occurred prerendering page "/contact". Read more: 
https://nextjs.org/docs/messages/prerender-error
At C:\nvm4w\nodejs\npm.ps1:29 char:3
+   & $NODE_EXE $NPM_CLI_JS $args
+   ~~~~~~~~~~~~~~~~~~~~~~~~~~~~~
    + CategoryInfo          : NotSpecified: (Error occurred ...prer 
   ender-error:String) [], RemoteException
    + FullyQualifiedErrorId : NativeCommandError
 
Error: Event handlers cannot be passed to Client Component props.
  {className: ..., onSubmit: function onSubmit, children: ...}
                             ^^^^^^^^^^^^^^^^^
If you need interactivity, consider converting part of this to a 
Client Component.
    at stringify (<anonymous>) {
  digest: '454511574'
}
Export encountered an error on /contact/page: /contact, exiting the 
build.
Γ¿» Next.js build worker exited with code: 1 and signal: null
